<?xml version="1.0" encoding="UTF-8"?>
<!-- Generated by org.testng.reporters.JUnitXMLReporter -->
<testsuite ignored="1" hostname="LAPTOP-5UMM8TON" failures="0" tests="1" name="Default test" time="23.09" errors="0" timestamp="2021-12-25T11:58:33 IST">
  <testcase classname="com.jbk.ActionCls.ActionsExp" name="actionEx2" time="23.046"/>
  <testcase classname="com.jbk.ActionCls.ActionsExp" name="actionEx1" time="0.0">
    <ignored/>
  </testcase> <!-- actionEx1 -->
</testsuite> <!-- Default test -->
