<?xml version="1.0" encoding="UTF-8"?>
<testng-results skipped="0" failed="0" ignored="0" total="1" passed="1">
  <reporter-output>
  </reporter-output>
  <suite name="Default suite" duration-ms="8309" started-at="2022-03-27T11:36:10 IST" finished-at="2022-03-27T11:36:18 IST">
    <groups>
    </groups>
    <test name="Default test" duration-ms="8309" started-at="2022-03-27T11:36:10 IST" finished-at="2022-03-27T11:36:18 IST">
      <class name="com.jbk.test.LoginNewTest">
        <test-method status="PASS" signature="test01()[pri:0, instance:com.jbk.test.LoginNewTest@5d76b067]" name="test01" duration-ms="8249" started-at="2022-03-27T11:36:10 IST" finished-at="2022-03-27T11:36:18 IST">
          <reporter-output>
          </reporter-output>
        </test-method> <!-- test01 -->
      </class> <!-- com.jbk.test.LoginNewTest -->
    </test> <!-- Default test -->
  </suite> <!-- Default suite -->
</testng-results>
