<?xml version="1.0" encoding="UTF-8"?>
<testng-results ignored="0" total="1" passed="1" failed="0" skipped="0">
  <reporter-output>
  </reporter-output>
  <suite started-at="2021-09-05T11:51:12 IST" name="Default suite" finished-at="2021-09-05T11:52:14 IST" duration-ms="61992">
    <groups>
    </groups>
    <test started-at="2021-09-05T11:51:12 IST" name="Default test" finished-at="2021-09-05T11:52:14 IST" duration-ms="61992">
      <class name="com.jbk.demo.WindowHandler">
        <test-method signature="link()[pri:0, instance:com.jbk.demo.WindowHandler@7bab3f1a]" started-at="2021-09-05T11:51:12 IST" name="link" finished-at="2021-09-05T11:52:14 IST" duration-ms="61943" status="PASS">
          <reporter-output>
          </reporter-output>
        </test-method> <!-- link -->
      </class> <!-- com.jbk.demo.WindowHandler -->
    </test> <!-- Default test -->
  </suite> <!-- Default suite -->
</testng-results>
