<?xml version="1.0" encoding="UTF-8"?>
<!-- Generated by org.testng.reporters.JUnitXMLReporter -->
<testsuite hostname="LAPTOP-5UMM8TON" ignored="0" name="Test" tests="4" failures="0" timestamp="2022-03-20T11:13:15 IST" time="0.084" errors="0">
  <testcase name="test01" time="0.015" classname="com.jbk.test.LoginTest"/>
  <testcase name="test02" time="0.002" classname="com.jbk.test.LoginTest"/>
  <testcase name="test03" time="0.002" classname="com.jbk.test.Dashboard"/>
  <testcase name="test04" time="0.001" classname="com.jbk.test.Dashboard"/>
</testsuite> <!-- Test -->
