<?xml version="1.0" encoding="UTF-8"?>
<!-- Generated by org.testng.reporters.JUnitXMLReporter -->
<testsuite hostname="LAPTOP-5UMM8TON" ignored="0" name="Test" tests="4" failures="0" timestamp="20 Mar 2022 06:00:32 GMT" time="0.061" errors="0">
  <testcase name="test01" time="0.013" classname="com.jbk.test.LoginTest"/>
  <testcase name="test02" time="0.0" classname="com.jbk.test.LoginTest"/>
  <testcase name="test03" time="0.0" classname="com.jbk.test.Dashboard"/>
  <testcase name="test04" time="0.0" classname="com.jbk.test.Dashboard"/>
</testsuite> <!-- Test -->
