<?xml version="1.0" encoding="UTF-8"?>
<testng-results ignored="3" total="4" passed="1" failed="0" skipped="0">
  <reporter-output>
  </reporter-output>
  <suite started-at="2022-03-01T14:20:32 IST" name="Default suite" finished-at="2022-03-01T14:21:34 IST" duration-ms="62581">
    <groups>
    </groups>
    <test started-at="2022-03-01T14:20:32 IST" name="Default test" finished-at="2022-03-01T14:21:34 IST" duration-ms="62581">
      <class name="com.jbk.TestCasesPractice">
        <test-method signature="windowHandlerUsefullLinks()[pri:0, instance:com.jbk.TestCasesPractice@3c947bc5]" started-at="2022-03-01T14:20:32 IST" name="windowHandlerUsefullLinks" finished-at="2022-03-01T14:21:34 IST" duration-ms="62538" status="PASS">
          <reporter-output>
          </reporter-output>
        </test-method> <!-- windowHandlerUsefullLinks -->
      </class> <!-- com.jbk.TestCasesPractice -->
    </test> <!-- Default test -->
  </suite> <!-- Default suite -->
</testng-results>
