<?xml version="1.0" encoding="UTF-8"?>
<!-- Generated by org.testng.reporters.JUnitXMLReporter -->
<testsuite ignored="3" hostname="LAPTOP-5UMM8TON" failures="0" tests="1" name="Default test" time="62.581" errors="0" timestamp="2022-03-01T14:21:34 IST">
  <testcase classname="com.jbk.TestCasesPractice" name="windowHandlerUsefullLinks" time="62.538"/>
  <testcase classname="com.jbk.TestCasesPractice" name="selectTest" time="0.0">
    <ignored/>
  </testcase> <!-- selectTest -->
  <testcase classname="com.jbk.TestCasesPractice" name="preferdWay" time="0.0">
    <ignored/>
  </testcase> <!-- preferdWay -->
  <testcase classname="com.jbk.TestCasesPractice" name="dashboardCourses" time="0.0">
    <ignored/>
  </testcase> <!-- dashboardCourses -->
</testsuite> <!-- Default test -->
