<?xml version="1.0" encoding="UTF-8"?>
<testng-results skipped="0" failed="0" ignored="0" total="6" passed="6">
  <reporter-output>
  </reporter-output>
  <suite name="Suite" duration-ms="61" started-at="2022-03-20T06:00:32Z" finished-at="2022-03-20T06:00:32Z">
    <groups>
    </groups>
    <test name="Test" duration-ms="61" started-at="2022-03-20T06:00:32Z" finished-at="2022-03-20T06:00:32Z">
      <class name="com.jbk.test.Dashboard">
        <test-method status="PASS" signature="test03()[pri:0, instance:com.jbk.test.Dashboard@436a4e4b]" name="test03" duration-ms="0" started-at="2022-03-20T06:00:32Z" finished-at="2022-03-20T06:00:32Z">
          <reporter-output>
          </reporter-output>
        </test-method> <!-- test03 -->
        <test-method status="PASS" signature="test04()[pri:0, instance:com.jbk.test.Dashboard@436a4e4b]" name="test04" duration-ms="0" started-at="2022-03-20T06:00:32Z" finished-at="2022-03-20T06:00:32Z">
          <reporter-output>
          </reporter-output>
        </test-method> <!-- test04 -->
      </class> <!-- com.jbk.test.Dashboard -->
      <class name="com.jbk.test.LoginTest">
        <test-method status="PASS" signature="test01()[pri:0, instance:com.jbk.test.LoginTest@657c8ad9]" name="test01" duration-ms="13" started-at="2022-03-20T06:00:32Z" finished-at="2022-03-20T06:00:32Z">
          <reporter-output>
          </reporter-output>
        </test-method> <!-- test01 -->
        <test-method status="PASS" signature="test02()[pri:0, instance:com.jbk.test.LoginTest@657c8ad9]" name="test02" duration-ms="0" started-at="2022-03-20T06:00:32Z" finished-at="2022-03-20T06:00:32Z">
          <reporter-output>
          </reporter-output>
        </test-method> <!-- test02 -->
      </class> <!-- com.jbk.test.LoginTest -->
    </test> <!-- Test -->
  </suite> <!-- Suite -->
  <suite name="Suite (0)" duration-ms="2" started-at="2022-03-20T06:00:32Z" finished-at="2022-03-20T06:00:32Z">
    <groups>
    </groups>
    <test name="Test" duration-ms="2" started-at="2022-03-20T06:00:32Z" finished-at="2022-03-20T06:00:32Z">
      <class name="com.jbk.test.UserTest">
        <test-method status="PASS" signature="test05()[pri:0, instance:com.jbk.test.UserTest@6e75aa0d]" name="test05" duration-ms="1" started-at="2022-03-20T06:00:32Z" finished-at="2022-03-20T06:00:32Z">
          <reporter-output>
          </reporter-output>
        </test-method> <!-- test05 -->
        <test-method status="PASS" signature="test06()[pri:0, instance:com.jbk.test.UserTest@6e75aa0d]" name="test06" duration-ms="1" started-at="2022-03-20T06:00:32Z" finished-at="2022-03-20T06:00:32Z">
          <reporter-output>
          </reporter-output>
        </test-method> <!-- test06 -->
      </class> <!-- com.jbk.test.UserTest -->
    </test> <!-- Test -->
  </suite> <!-- Suite (0) -->
</testng-results>
