<?xml version="1.0" encoding="UTF-8"?>
<!-- Generated by org.testng.reporters.JUnitXMLReporter -->
<testsuite hostname="LAPTOP-5UMM8TON" ignored="0" name="Command line test" tests="4" failures="0" timestamp="20 Mar 2022 05:54:19 GMT" time="0.071" errors="0">
  <testcase name="test01" time="0.017" classname="com.jbk.test.LoginTest"/>
  <testcase name="test02" time="0.0" classname="com.jbk.test.LoginTest"/>
  <testcase name="test05" time="0.0" classname="com.jbk.test.UserTest"/>
  <testcase name="test06" time="0.001" classname="com.jbk.test.UserTest"/>
</testsuite> <!-- Command line test -->
