<?xml version="1.0" encoding="UTF-8"?>
<testng-results skipped="0" failed="0" ignored="0" total="1" passed="1">
  <reporter-output>
  </reporter-output>
  <suite name="Default suite" duration-ms="11794" started-at="2021-09-25T04:17:30Z" finished-at="2021-09-25T04:17:42Z">
    <groups>
    </groups>
    <test name="Default test" duration-ms="11794" started-at="2021-09-25T04:17:30Z" finished-at="2021-09-25T04:17:42Z">
      <class name="com.test.LoginTest">
        <test-method status="PASS" signature="setUp()[pri:0, instance:com.test.LoginTest@6d2a209c]" name="setUp" is-config="true" duration-ms="10692" started-at="2021-09-25T04:17:30Z" finished-at="2021-09-25T04:17:41Z">
          <reporter-output>
          </reporter-output>
        </test-method> <!-- setUp -->
        <test-method status="PASS" signature="test01()[pri:0, instance:com.test.LoginTest@6d2a209c]" name="test01" duration-ms="1042" started-at="2021-09-25T04:17:41Z" finished-at="2021-09-25T04:17:42Z">
          <reporter-output>
          </reporter-output>
        </test-method> <!-- test01 -->
      </class> <!-- com.test.LoginTest -->
    </test> <!-- Default test -->
  </suite> <!-- Default suite -->
</testng-results>
