<?xml version="1.0" encoding="UTF-8"?>
<testng-results ignored="1" total="2" passed="1" failed="0" skipped="0">
  <reporter-output>
  </reporter-output>
  <suite started-at="2021-12-25T11:58:09 IST" name="Default suite" finished-at="2021-12-25T11:58:33 IST" duration-ms="23090">
    <groups>
    </groups>
    <test started-at="2021-12-25T11:58:09 IST" name="Default test" finished-at="2021-12-25T11:58:33 IST" duration-ms="23090">
      <class name="com.jbk.ActionCls.ActionsExp">
        <test-method signature="actionEx2()[pri:0, instance:com.jbk.ActionCls.ActionsExp@671a5887]" started-at="2021-12-25T11:58:09 IST" name="actionEx2" finished-at="2021-12-25T11:58:33 IST" duration-ms="23046" status="PASS">
          <reporter-output>
          </reporter-output>
        </test-method> <!-- actionEx2 -->
      </class> <!-- com.jbk.ActionCls.ActionsExp -->
    </test> <!-- Default test -->
  </suite> <!-- Default suite -->
</testng-results>
