<?xml version="1.0" encoding="UTF-8"?>
<!-- Generated by org.testng.reporters.JUnitXMLReporter -->
<testsuite ignored="1" hostname="LAPTOP-5UMM8TON" failures="0" tests="1" name="Default test" time="11.229" errors="0" timestamp="2022-01-11T08:48:58 IST">
  <testcase classname="com.jbk.SeptAug" name="verifyCoursesName" time="11.192"/>
  <testcase classname="com.jbk.SeptAug" name="selectCheckBoxRadio" time="0.0">
    <ignored/>
  </testcase> <!-- selectCheckBoxRadio -->
</testsuite> <!-- Default test -->
